          AutoDock 4.2 Release 4.2.5.1 
         (C) 1989-2012 The Scripps Research Institute
        AutoDock comes with ABSOLUTELY NO WARRANTY.
        AutoDock is free software, and you are welcome
        to redistribute it under certain conditions;
        for details type 'autodock4 -C'

                     main.cc  $Revision: 1.194 $

                   Compiled on Dec 13 2012 at 13:29:56


This file was created at:			5:49 37" p.m., 05/14/2017
                   using:			"csb.bmc.uu.se"

      ________________________________________________________________

                   SETTING UP DEFAULT PARAMETER LIBRARY
      ________________________________________________________________


Sizeof FourByteLong = 8, not 4.
Random number generator was seeded with values 13995, 1494776977.
Docking parameter file (DPF) used for this docking:		ligand_protein.dpf
DPF> autodock_parameter_version 4.2       # used by autodock to validate parameter set

	Autodock parameter version 4.2.
DPF> outlev 1                             # diagnostic output level

Output Level = 1  ADT-COMPATIBLE OUTPUT DURING DOCKING.
DPF> intelec                              # calculate internal electrostatics

Electrostatic energies will be calculated for all non-bonds between moving atoms.
DPF> ligand_types C HD N                  # atoms types in ligand

DPF> fld protein.maps.fld                 # grid_data_file

Opening Grid Map Dimensions file:		protein.maps.fld
Grid Point Spacing =				0.375 Angstroms

Even Number of User-specified Grid Points =	40 x-points
						40 y-points
						40 z-points

Coordinates of Central Grid Point of Maps =	(0.324, -0.071, 0.065)
Macromolecule file used to create Grid Maps =	protein.pdbqt
Grid Parameter file used to create Grid Maps =	protein.gpf
Minimum coordinates in grid = (-7.176, -7.571, -7.435)
Maximum coordinates in grid = (7.824, 7.429, 7.565)

DPF> map protein.C.map                    # atom-specific affinity map

DPF> map protein.HD.map                   # atom-specific affinity map

DPF> map protein.N.map                    # atom-specific affinity map

DPF> elecmap protein.e.map                # electrostatics map

DPF> desolvmap protein.d.map              # desolvation map

DPF> move ligand.pdbqt                    # small molecule

1,4-interactions will be _ignored_ in the non-bonded internal energy calculation.

Ligand PDBQT file = "ligand.pdbqt"

INPUT LIGAND PDBQT FILE:
________________________

INPUT-LIGAND-PDBQT: REMARK  3 active torsions:
INPUT-LIGAND-PDBQT: REMARK  status: ('A' for Active; 'I' for Inactive)
INPUT-LIGAND-PDBQT: REMARK    1  A    between atoms: N_1  and  C_3 
INPUT-LIGAND-PDBQT: REMARK    2  A    between atoms: N_2  and  C_9 
INPUT-LIGAND-PDBQT: REMARK    3  A    between atoms: C_3  and  C_9 
INPUT-LIGAND-PDBQT: ROOT
INPUT-LIGAND-PDBQT: HETATM    1  C   UNL     1       0.601  -0.018   0.425  1.00  0.00     0.181 C 
INPUT-LIGAND-PDBQT: HETATM    2  C   UNL     1      -0.055  -1.255  -0.224  1.00  0.00     0.043 C 
INPUT-LIGAND-PDBQT: HETATM    3  C   UNL     1      -0.057   1.273  -0.109  1.00  0.00     0.043 C 
INPUT-LIGAND-PDBQT: HETATM    4  C   UNL     1      -1.582  -1.260  -0.117  1.00  0.00     0.003 C 
INPUT-LIGAND-PDBQT: HETATM    5  C   UNL     1      -1.583   1.266   0.000  1.00  0.00     0.003 C 
INPUT-LIGAND-PDBQT: HETATM    6  C   UNL     1      -2.188   0.030  -0.659  1.00  0.00     0.000 C 
INPUT-LIGAND-PDBQT: ENDROOT
INPUT-LIGAND-PDBQT: BRANCH   1   7
INPUT-LIGAND-PDBQT: HETATM    7  N   UNL     1       0.465  -0.096   1.886  1.00  0.00     0.089 N 
INPUT-LIGAND-PDBQT: HETATM    8  H   UNL     1       0.870  -0.968   2.227  1.00  0.00     0.313 HD
INPUT-LIGAND-PDBQT: HETATM    9  H   UNL     1      -0.516  -0.116   2.155  1.00  0.00     0.313 HD
INPUT-LIGAND-PDBQT: ENDBRANCH   1   7
INPUT-LIGAND-PDBQT: BRANCH   1  10
INPUT-LIGAND-PDBQT: HETATM   10  C   UNL     1       2.104  -0.003   0.110  1.00  0.00     0.307 C 
INPUT-LIGAND-PDBQT: BRANCH  10  11
INPUT-LIGAND-PDBQT: HETATM   11  N   UNL     1       2.294   0.062  -1.312  1.00  0.00     0.080 N 
INPUT-LIGAND-PDBQT: HETATM   12  H   UNL     1       1.925   0.907  -1.733  1.00  0.00     0.312 HD
INPUT-LIGAND-PDBQT: HETATM   13  H   UNL     1       1.927  -0.741  -1.809  1.00  0.00     0.312 HD
INPUT-LIGAND-PDBQT: ENDBRANCH  10  11
INPUT-LIGAND-PDBQT: ENDBRANCH   1  10
INPUT-LIGAND-PDBQT: TORSDOF 3
________________________________________________________________________________

Total charge on ligand                               =	+1.999 e
REMARK  3 active torsions:
REMARK  status: ('A' for Active; 'I' for Inactive)
REMARK    1  A    between atoms: N_1  and  C_3 
REMARK    2  A    between atoms: N_2  and  C_9 
REMARK    3  A    between atoms: C_3  and  C_9 


Number of Rotatable Bonds in Small Molecule =	3 torsions
Number of atoms in ligand:  13

Number of non-hydrogen atoms in ligand:  9

Number of vibrational degrees of freedom of ligand:  33


Number of torsional degrees of freedom = 3
Estimated loss of torsional free energy upon binding = +0.8949 kcal/mol


DPF> about 0.3235 -0.0707 0.0646          # small molecule center

Small molecule center of rotation =	(+0.324, -0.071, +0.065)

DPF> epdb
Number of "true" ligand atoms:  13



		Ligand Intramolecular Energy Analysis
		=====================================

Non-bond  Atom1-Atom2  Distance   Total        Elec     vdW        Hb     Desolv     Sol_fn   Type Dielectric
________  ___________  ________   ______  _________  ________ ________  ________   ________   ____ __________
      1       2-12      3.2972   +0.0154    +0.0130   -0.0090   +0.0000   +0.0115    +0.0870   1    14.602
      2       2-13      2.5894   +0.0279    +0.0220   -0.0076   +0.0000   +0.0135    +0.1021   1    11.016
      3       3-12      2.5884   +0.0279    +0.0220   -0.0076   +0.0000   +0.0135    +0.1021   1    11.016
      4       3-13      3.2989   +0.0154    +0.0130   -0.0090   +0.0000   +0.0115    +0.0869   1    14.628
      5       4-8       3.4047   +0.0035    +0.0008   -0.0085   +0.0000   +0.0112    +0.0846   1    15.182
      6       4-9       2.7581   +0.0053    +0.0013   -0.0091   +0.0000   +0.0130    +0.0986   1    11.839
      7       4-11      4.2660   -0.0265    +0.0001   -0.0229   +0.0000   -0.0037    +0.0655   1    20.163
      8       4-12      4.4279   +0.0063    +0.0005   -0.0023   +0.0000   +0.0082    +0.0621   1    21.153
      9       4-13      3.9301   +0.0056    +0.0006   -0.0046   +0.0000   +0.0096    +0.0729   1    18.165
     10       5-8       3.9959   +0.0058    +0.0006   -0.0042   +0.0000   +0.0094    +0.0715   1    18.535
     11       5-9       2.7735   +0.0052    +0.0013   -0.0091   +0.0000   +0.0130    +0.0983   1    11.923
     12       5-11      4.2664   -0.0265    +0.0001   -0.0229   +0.0000   -0.0037    +0.0655   1    20.163
     13       5-12      3.9292   +0.0056    +0.0006   -0.0046   +0.0000   +0.0096    +0.0729   1    18.165
     14       5-13      4.4295   +0.0063    +0.0005   -0.0023   +0.0000   +0.0082    +0.0621   1    21.153
     15       6-8       4.3216   +0.0058    +0.0000   -0.0027   +0.0000   +0.0085    +0.0644   1    20.495
     16       6-9       3.2765   +0.0025    +0.0000   -0.0091   +0.0000   +0.0116    +0.0874   1    14.500
     17       6-11      4.5294   -0.0215    +0.0000   -0.0181   +0.0000   -0.0034    +0.0599   1    21.780
     18       6-12      4.3404   +0.0058    +0.0000   -0.0026   +0.0000   +0.0084    +0.0640   1    20.606
     19       6-13      4.3417   +0.0058    +0.0000   -0.0026   +0.0000   +0.0084    +0.0639   1    20.628
     20       7-12      4.0292   +0.0208    +0.0172   -0.0026   +0.0000   +0.0062    +0.0707   1    18.742
     21       7-13      4.0257   +0.0208    +0.0172   -0.0026   +0.0000   +0.0063    +0.0708   1    18.719
     22       8-11      3.9514   +0.0197    +0.0162   -0.0029   +0.0000   +0.0064    +0.0724   1    18.281
     23       8-12      4.5067   +0.0467    +0.0468   -0.0001   +0.0000   +0.0000    +0.0605   1    21.630
     24       8-13      4.1783   +0.0555    +0.0556   -0.0001   +0.0000   +0.0000    +0.0675   1    19.627
     25       9-11      4.4663   +0.0163    +0.0122   -0.0014   +0.0000   +0.0054    +0.0613   1    21.392
     26       9-12      4.7034   +0.0424    +0.0424   -0.0001   +0.0000   +0.0000    +0.0564   1    22.865
     27       9-13      4.6981   +0.0424    +0.0425   -0.0001   +0.0000   +0.0000    +0.0564   1    22.844
                                ________   ________  ________  ________  ________
Total                            +0.3404    +0.3267   -0.1688    +0.0000   +0.1825
                                ________  ________  ________  ________ ________
                                   Total       Elec       vdW        Hb    Desolv


	Per-atom Intramolecular Energy Analysis
	=======================================

Atom Type   Total     Elec       vdW        Hb     Desolv 
____ ___  ________  ________  ________  ________  ________
   1  C    +0.0000   +0.0000   +0.0000   +0.0000   +0.0000
   2  C    +0.0216   +0.0175   -0.0083   +0.0000   +0.0125
   3  C    +0.0216   +0.0175   -0.0083   +0.0000   +0.0125
   4  C    -0.0029   +0.0017   -0.0237   +0.0000   +0.0192
   5  C    -0.0017   +0.0016   -0.0215   +0.0000   +0.0183
   6  C    -0.0008   +0.0000   -0.0176   +0.0000   +0.0167
   7  N    +0.0208   +0.0172   -0.0026   +0.0000   +0.0062
   8  HD   +0.0685   +0.0600   -0.0093   +0.0000   +0.0178
   9  HD   +0.0570   +0.0499   -0.0144   +0.0000   +0.0215
  10  C    +0.0000   +0.0000   +0.0000   +0.0000   +0.0000
  11  N    -0.0192   +0.0143   -0.0341   +0.0000   +0.0005
  12  HD   +0.0855   +0.0712   -0.0144   +0.0000   +0.0287
  13  HD   +0.0899   +0.0757   -0.0145   +0.0000   +0.0287


Total Intramolecular Interaction Energy   = +0.340 kcal/mol
Unbound model to be used is 'same as bound' [AutoDock 4.2 default].


		Intermolecular Energy Analysis
		==============================

Atom Atom    Total      vdW+Hbond  Electrosta  Desolvation Partial          Coordinates         
 Num Type    Energy      Energy    tic Energy     Energy    Charge      x         y         z    
____ ____  __________  __________  __________  __________ _______  ________  ________  ________
   1  C       0.0005      0.0000      0.0005      0.0000   0.1810    0.6010   -0.0180    0.4250
   2  C       0.0001      0.0000      0.0001      0.0000   0.0430   -0.0550   -1.2550   -0.2240
   3  C       0.0001      0.0000      0.0001      0.0000   0.0430   -0.0570    1.2730   -0.1090
   4  C       0.0000      0.0000      0.0000      0.0000   0.0030   -1.5820   -1.2600   -0.1170
   5  C       0.0000      0.0000      0.0000      0.0000   0.0030   -1.5830    1.2660    0.0000
   6  C       0.0000      0.0000      0.0000      0.0000   0.0000   -2.1880    0.0300   -0.6590
   7  N       0.0003      0.0000      0.0003      0.0000   0.0890    0.4650   -0.0960    1.8860
   8  HD      0.0009      0.0000      0.0009      0.0000   0.3130    0.8700   -0.9680    2.2270
   9  HD      0.0009      0.0000      0.0009      0.0000   0.3130   -0.5160   -0.1160    2.1550
  10  C       0.0009      0.0000      0.0009      0.0000   0.3070    2.1040   -0.0030    0.1100
  11  N       0.0002      0.0000      0.0002      0.0000   0.0800    2.2940    0.0620   -1.3120
  12  HD      0.0009      0.0000      0.0009      0.0000   0.3120    1.9250    0.9070   -1.7330
  13  HD      0.0009      0.0000      0.0009      0.0000   0.3120    1.9270   -0.7410   -1.8090
          __________  __________  __________  _______ ________
    Total     0.0060      0.0000      0.0060     0.0000   1.9990
          __________  __________  __________  __________ _______
          vdW+Hbond+   vdW+Hbond  Electrosta  Desolvation Partial
          +Elec+Desolv   Energy    tic Energy    Energy    Charge
              Energy 

Total Intermolecular Interaction Energy          =  +0.0060 kcal/mol
Total Intermolecular vdW + Hbond + desolv Energy =  +0.0000 kcal/mol
Total Intermolecular Electrostatic Energy        =  +0.0060 kcal/mol
Total Intermolecular + Intramolecular Energy     =  +0.3464 kcal/mol


epdb: USER    Estimated Free Energy of Binding    =   +0.90 kcal/mol  [=(1)+(2)+(3)-(4)]
epdb: USER    
epdb: USER    (1) Final Intermolecular Energy     =   +0.01 kcal/mol
epdb: USER        vdW + Hbond + desolv Energy     =   +0.00 kcal/mol
epdb: USER        Electrostatic Energy            =   +0.01 kcal/mol
epdb: USER    (2) Final Total Internal Energy     =   +0.34 kcal/mol
epdb: USER    (3) Torsional Free Energy           =   +0.89 kcal/mol
epdb: USER    (4) Unbound System's Energy  [=(2)] =   +0.34 kcal/mol
epdb: USER    
epdb: USER    

>>> Closing the docking parameter file (DPF)...
This docking finished at:			5:49 37" p.m., 05/14/2017


________________________________________________________________________________

autodock4: Successful Completion on "csb.bmc.uu.se"

Real= 0.12s,  CPU= 0.10s,  System= 0.01s
________________________________________________________________________________

